<?xml version="1.0" encoding="UTF-8"?>
<!-- Generated by org.testng.reporters.JUnitReportReporter -->
<testsuite skipped="0" hostname="DELL" name="testCases.LoginPageClassTestcase" tests="1" failures="0" timestamp="13 Jan 2019 07:20:10 GMT" time="31.921" errors="0">
  <testcase name="loginTest" time="31.921" classname="testCases.LoginPageClassTestcase"/>
</testsuite> <!-- testCases.LoginPageClassTestcase -->
