<?xml version="1.0" encoding="UTF-8"?>
<!-- Generated by org.testng.reporters.JUnitReportReporter -->
<testsuite skipped="0" hostname="DELL" name="testCases.HomePageClassTest" tests="1" failures="0" timestamp="13 Jan 2019 09:29:45 GMT" time="4.490" errors="0">
  <testcase name="checkUseNameAndClickOnLogOut" time="4.490" classname="testCases.HomePageClassTest"/>
</testsuite> <!-- testCases.HomePageClassTest -->
